[debug] [2024-04-30T10:28:59.854Z] ----------------------------------------------------------------------
[debug] [2024-04-30T10:28:59.857Z] Command:       C:\Users\aryah\DOWNLO~1\firebase-tools-instant-win.exe C:\Users\aryah\.cache\firebase\tools\lib\node_modules\firebase-tools\lib\bin\firebase init
[debug] [2024-04-30T10:28:59.857Z] CLI Version:   13.7.5
[debug] [2024-04-30T10:28:59.857Z] Platform:      win32
[debug] [2024-04-30T10:28:59.857Z] Node Version:  v18.5.0
[debug] [2024-04-30T10:28:59.858Z] Time:          Tue Apr 30 2024 17:28:59 GMT+0700 (Indochina Time)
[debug] [2024-04-30T10:28:59.859Z] ----------------------------------------------------------------------
[debug] 
[debug] [2024-04-30T10:28:59.866Z] > command requires scopes: ["email","openid","https://www.googleapis.com/auth/cloudplatformprojects.readonly","https://www.googleapis.com/auth/firebase","https://www.googleapis.com/auth/cloud-platform"]
[debug] [2024-04-30T10:28:59.866Z] > authorizing via signed-in user (aryahutomoputradaffa@gmail.com)
[info] 
     ######## #### ########  ######## ########     ###     ######  ########
     ##        ##  ##     ## ##       ##     ##  ##   ##  ##       ##
     ######    ##  ########  ######   ########  #########  ######  ######
     ##        ##  ##    ##  ##       ##     ## ##     ##       ## ##
     ##       #### ##     ## ######## ########  ##     ##  ######  ########

You're about to initialize a Firebase project in this directory:

  C:\xampp3\htdocs\TA

Before we get started, keep in mind:

  * You are currently outside your home directory

